<?xml version="1.0" encoding="UTF-8"?>
<robot generator="Robot 7.3.1 (Python 3.13.5 on win32)" generated="2025-06-28T18:26:26.070208" rpa="false" schemaversion="5">
<suite id="s1" name="testVocacional test" source="C:\Users\toodi\Documents\Progra_4\grupoTest\aplicaci-n-web\tests\test\testVocacional_test.robot">
<test id="s1-t1" name="Crear Test Vocacional" line="9">
<kw name="Abrir navegador" owner="testVocacional_keywords">
<kw name="Open Browser" owner="SeleniumLibrary">
<msg time="2025-06-28T18:26:26.618942" level="INFO">Opening browser 'Chrome' to base url 'http://localhost/views/loginViews/loginUsuario.php'.</msg>
<arg>${URL}</arg>
<arg>Chrome</arg>
<doc>Opens a new browser instance to the optional ``url``.</doc>
<status status="PASS" start="2025-06-28T18:26:26.618514" elapsed="1.646072"/>
</kw>
<kw name="Sleep" owner="BuiltIn">
<msg time="2025-06-28T18:26:31.266918" level="INFO">Slept 3 seconds.</msg>
<arg>${DELAY3}</arg>
<doc>Pauses the test executed for the given time.</doc>
<status status="PASS" start="2025-06-28T18:26:28.265172" elapsed="3.002020"/>
</kw>
<kw name="Maximize Browser Window" owner="SeleniumLibrary">
<doc>Maximizes current browser window.</doc>
<status status="PASS" start="2025-06-28T18:26:31.267644" elapsed="0.054965"/>
</kw>
<status status="PASS" start="2025-06-28T18:26:26.617519" elapsed="4.705380"/>
</kw>
<kw name="Ingresar Credenciales Administrador" owner="testVocacional_keywords">
<kw name="Wait Until Page Contains Element" owner="SeleniumLibrary">
<arg>name=email</arg>
<doc>Waits until the element ``locator`` appears on the current page.</doc>
<status status="PASS" start="2025-06-28T18:26:31.326331" elapsed="0.025326"/>
</kw>
<kw name="Input Text" owner="SeleniumLibrary">
<msg time="2025-06-28T18:26:31.352705" level="INFO">Typing text 'admin@test.com' into text field 'name=email'.</msg>
<arg>name=email</arg>
<arg>${EMAIL}</arg>
<doc>Types the given ``text`` into the text field identified by ``locator``.</doc>
<status status="PASS" start="2025-06-28T18:26:31.352066" elapsed="0.199693"/>
</kw>
<kw name="Sleep" owner="BuiltIn">
<msg time="2025-06-28T18:26:34.552614" level="INFO">Slept 3 seconds.</msg>
<arg>${DELAY3}</arg>
<doc>Pauses the test executed for the given time.</doc>
<status status="PASS" start="2025-06-28T18:26:31.552076" elapsed="3.000783"/>
</kw>
<kw name="Input Text" owner="SeleniumLibrary">
<msg time="2025-06-28T18:26:34.553744" level="INFO">Typing text 'password' into text field 'name=password'.</msg>
<arg>name=password</arg>
<arg>${PASSWORD}</arg>
<doc>Types the given ``text`` into the text field identified by ``locator``.</doc>
<status status="PASS" start="2025-06-28T18:26:34.553284" elapsed="0.104675"/>
</kw>
<kw name="Sleep" owner="BuiltIn">
<msg time="2025-06-28T18:26:37.659063" level="INFO">Slept 3 seconds.</msg>
<arg>${DELAY3}</arg>
<doc>Pauses the test executed for the given time.</doc>
<status status="PASS" start="2025-06-28T18:26:34.658353" elapsed="3.000949"/>
</kw>
<kw name="Click Button" owner="SeleniumLibrary">
<msg time="2025-06-28T18:26:37.660006" level="INFO">Clicking button 'xpath=/html/body/div/form/button'.</msg>
<arg>xpath=/html/body/div/form/button</arg>
<doc>Clicks the button identified by ``locator``.</doc>
<status status="PASS" start="2025-06-28T18:26:37.659635" elapsed="0.929996"/>
</kw>
<kw name="Sleep" owner="BuiltIn">
<msg time="2025-06-28T18:26:41.591176" level="INFO">Slept 3 seconds.</msg>
<arg>${DELAY3}</arg>
<doc>Pauses the test executed for the given time.</doc>
<status status="PASS" start="2025-06-28T18:26:38.590053" elapsed="3.001436"/>
</kw>
<doc>Ingresa las credenciales del administrador para verificar el login exitoso</doc>
<status status="PASS" start="2025-06-28T18:26:31.325537" elapsed="10.266299"/>
</kw>
<kw name="Verificar Login Exitoso Administrador" owner="testVocacional_keywords">
<kw name="Wait Until Page Contains Element" owner="SeleniumLibrary">
<arg>xpath=/html/body/div[2]/div/main/div[1]/h1</arg>
<doc>Waits until the element ``locator`` appears on the current page.</doc>
<status status="PASS" start="2025-06-28T18:26:41.593150" elapsed="0.013867"/>
</kw>
<status status="PASS" start="2025-06-28T18:26:41.592688" elapsed="0.014610"/>
</kw>
<kw name="Ir a la pagina de test vocacional" owner="testVocacional_keywords">
<kw name="Click Link" owner="SeleniumLibrary">
<msg time="2025-06-28T18:26:41.609670" level="INFO">Clicking link 'xpath=/html/body/div[2]/div/div/ul/li[3]/a'.</msg>
<arg>xpath=/html/body/div[2]/div/div/ul/li[3]/a</arg>
<doc>Clicks a link identified by ``locator``.</doc>
<status status="PASS" start="2025-06-28T18:26:41.609114" elapsed="0.505430"/>
</kw>
<kw name="Sleep" owner="BuiltIn">
<msg time="2025-06-28T18:26:45.115709" level="INFO">Slept 3 seconds.</msg>
<arg>${DELAY3}</arg>
<doc>Pauses the test executed for the given time.</doc>
<status status="PASS" start="2025-06-28T18:26:42.114818" elapsed="3.001050"/>
</kw>
<doc>Navega a la página del test vocacional</doc>
<status status="PASS" start="2025-06-28T18:26:41.607979" elapsed="3.508047"/>
</kw>
<kw name="Crear nuevo test vocacional" owner="testVocacional_keywords">
<kw name="Click Button" owner="SeleniumLibrary">
<msg time="2025-06-28T18:26:45.117533" level="INFO">Clicking button 'xpath=/html/body/div[2]/div/main/div[1]/div/button'.</msg>
<arg>xpath=/html/body/div[2]/div/main/div[1]/div/button</arg>
<doc>Clicks the button identified by ``locator``.</doc>
<status status="PASS" start="2025-06-28T18:26:45.117123" elapsed="0.137017"/>
</kw>
<kw name="Sleep" owner="BuiltIn">
<msg time="2025-06-28T18:26:48.255074" level="INFO">Slept 3 seconds.</msg>
<arg>${DELAY3}</arg>
<doc>Pauses the test executed for the given time.</doc>
<status status="PASS" start="2025-06-28T18:26:45.254457" elapsed="3.000830"/>
</kw>
<kw name="Input Text" owner="SeleniumLibrary">
<msg time="2025-06-28T18:26:48.256049" level="INFO">Typing text 'Test Vocacional Automatizado' into text field 'xpath=//*[@id="nombre"]'.</msg>
<arg>xpath=//*[@id="nombre"]</arg>
<arg>Test Vocacional Automatizado</arg>
<doc>Types the given ``text`` into the text field identified by ``locator``.</doc>
<status status="PASS" start="2025-06-28T18:26:48.255625" elapsed="0.245913"/>
</kw>
<kw name="Sleep" owner="BuiltIn">
<msg time="2025-06-28T18:26:51.502775" level="INFO">Slept 3 seconds.</msg>
<arg>${DELAY1}</arg>
<doc>Pauses the test executed for the given time.</doc>
<status status="PASS" start="2025-06-28T18:26:48.501872" elapsed="3.001063"/>
</kw>
<kw name="Input Text" owner="SeleniumLibrary">
<msg time="2025-06-28T18:26:51.503459" level="INFO">Typing text 'Descripción del test vocacional automatizado' into text field 'xpath=//*[@id="descripcion"]'.</msg>
<arg>xpath=//*[@id="descripcion"]</arg>
<arg>Descripción del test vocacional automatizado</arg>
<doc>Types the given ``text`` into the text field identified by ``locator``.</doc>
<status status="PASS" start="2025-06-28T18:26:51.503173" elapsed="0.121139"/>
</kw>
<kw name="Sleep" owner="BuiltIn">
<msg time="2025-06-28T18:26:54.625831" level="INFO">Slept 3 seconds.</msg>
<arg>${DELAY1}</arg>
<doc>Pauses the test executed for the given time.</doc>
<status status="PASS" start="2025-06-28T18:26:51.624621" elapsed="3.001462"/>
</kw>
<kw name="Input Text" owner="SeleniumLibrary">
<msg time="2025-06-28T18:26:54.626964" level="INFO">Typing text '30' into text field 'xpath=//*[@id="duracion_min"]'.</msg>
<arg>xpath=//*[@id="duracion_min"]</arg>
<arg>30</arg>
<doc>Types the given ``text`` into the text field identified by ``locator``.</doc>
<status status="PASS" start="2025-06-28T18:26:54.626501" elapsed="0.113532"/>
</kw>
<kw name="Sleep" owner="BuiltIn">
<msg time="2025-06-28T18:26:57.741246" level="INFO">Slept 3 seconds.</msg>
<arg>${DELAY1}</arg>
<doc>Pauses the test executed for the given time.</doc>
<status status="PASS" start="2025-06-28T18:26:54.740429" elapsed="3.000985"/>
</kw>
<kw name="Click Button" owner="SeleniumLibrary">
<msg time="2025-06-28T18:26:57.741923" level="INFO">Clicking button 'xpath=//*[@id="formNuevoTest"]/div[2]/button[2]'.</msg>
<arg>xpath=//*[@id="formNuevoTest"]/div[2]/button[2]</arg>
<doc>Clicks the button identified by ``locator``.</doc>
<status status="PASS" start="2025-06-28T18:26:57.741653" elapsed="0.110969"/>
</kw>
<kw name="Sleep" owner="BuiltIn">
<msg time="2025-06-28T18:27:00.853906" level="INFO">Slept 3 seconds.</msg>
<arg>${DELAY3}</arg>
<doc>Pauses the test executed for the given time.</doc>
<status status="PASS" start="2025-06-28T18:26:57.853046" elapsed="3.001016"/>
</kw>
<kw name="Click Button" owner="SeleniumLibrary">
<msg time="2025-06-28T18:27:00.855785" level="INFO">Clicking button 'xpath=/html/body/div[6]/div/div[6]/button[1]'.</msg>
<arg>xpath=/html/body/div[6]/div/div[6]/button[1]</arg>
<doc>Clicks the button identified by ``locator``.</doc>
<status status="PASS" start="2025-06-28T18:27:00.854320" elapsed="0.271117"/>
</kw>
<kw name="Sleep" owner="BuiltIn">
<msg time="2025-06-28T18:27:04.126643" level="INFO">Slept 3 seconds.</msg>
<arg>${DELAY3}</arg>
<doc>Pauses the test executed for the given time.</doc>
<status status="PASS" start="2025-06-28T18:27:01.125817" elapsed="3.001062"/>
</kw>
<doc>Crea un nuevo test vocacional</doc>
<status status="PASS" start="2025-06-28T18:26:45.116614" elapsed="19.010548"/>
</kw>
<kw name="Ir a asignar preguntas" owner="testVocacional_keywords">
<kw name="Click Button" owner="SeleniumLibrary">
<msg time="2025-06-28T18:27:04.129923" level="INFO">Clicking button 'xpath=/html/body/div[2]/div/main/div[2]/div/div/div[3]/button[2]'.</msg>
<arg>xpath=/html/body/div[2]/div/main/div[2]/div/div/div[3]/button[2]</arg>
<doc>Clicks the button identified by ``locator``.</doc>
<status status="PASS" start="2025-06-28T18:27:04.129365" elapsed="0.269085"/>
</kw>
<kw name="Sleep" owner="BuiltIn">
<msg time="2025-06-28T18:27:07.399960" level="INFO">Slept 3 seconds.</msg>
<arg>${DELAY3}</arg>
<doc>Pauses the test executed for the given time.</doc>
<status status="PASS" start="2025-06-28T18:27:04.398962" elapsed="3.001193"/>
</kw>
<kw name="Wait Until Page Contains Element" owner="SeleniumLibrary">
<arg>xpath=/html/body/div[2]/div/main/div[1]/button</arg>
<doc>Waits until the element ``locator`` appears on the current page.</doc>
<status status="PASS" start="2025-06-28T18:27:07.400517" elapsed="0.017292"/>
</kw>
<doc>Navega a la página de asignar preguntas al test vocacional</doc>
<status status="PASS" start="2025-06-28T18:27:04.127992" elapsed="3.290027"/>
</kw>
<kw name="Asignar preguntas al test vocacional" owner="testVocacional_keywords">
<kw name="Sleep" owner="BuiltIn">
<msg time="2025-06-28T18:27:10.419700" level="INFO">Slept 3 seconds.</msg>
<arg>${DELAY1}</arg>
<doc>Pauses the test executed for the given time.</doc>
<status status="PASS" start="2025-06-28T18:27:07.419241" elapsed="3.000612"/>
</kw>
<kw name="Click Button" owner="SeleniumLibrary">
<msg time="2025-06-28T18:27:10.420357" level="INFO">Clicking button 'xpath=/html/body/div[2]/div/main/div[1]/button'.</msg>
<arg>xpath=/html/body/div[2]/div/main/div[1]/button</arg>
<doc>Clicks the button identified by ``locator``.</doc>
<status status="PASS" start="2025-06-28T18:27:10.420089" elapsed="0.101879"/>
</kw>
<kw name="Sleep" owner="BuiltIn">
<msg time="2025-06-28T18:27:13.522805" level="INFO">Slept 3 seconds.</msg>
<arg>${DELAY3}</arg>
<doc>Pauses the test executed for the given time.</doc>
<status status="PASS" start="2025-06-28T18:27:10.522270" elapsed="3.000730"/>
</kw>
<kw name="Input Text" owner="SeleniumLibrary">
<msg time="2025-06-28T18:27:13.523523" level="INFO">Typing text 'Pregunta de test vocacional automatizado' into text field 'xpath=//*[@id="texto"]'.</msg>
<arg>xpath=//*[@id="texto"]</arg>
<arg>Pregunta de test vocacional automatizado</arg>
<doc>Types the given ``text`` into the text field identified by ``locator``.</doc>
<status status="PASS" start="2025-06-28T18:27:13.523241" elapsed="0.127866"/>
</kw>
<kw name="Sleep" owner="BuiltIn">
<msg time="2025-06-28T18:27:16.651982" level="INFO">Slept 3 seconds.</msg>
<arg>${DELAY3}</arg>
<doc>Pauses the test executed for the given time.</doc>
<status status="PASS" start="2025-06-28T18:27:13.651377" elapsed="3.000850"/>
</kw>
<kw name="Select From List By Value" owner="SeleniumLibrary">
<msg time="2025-06-28T18:27:16.652868" level="INFO">Selecting options from selection list 'xpath=//*[@id="tipo"]' by value opcion_multiple.</msg>
<arg>xpath=//*[@id="tipo"]</arg>
<arg>opcion_multiple</arg>
<doc>Selects options from selection list ``locator`` by ``values``.</doc>
<status status="PASS" start="2025-06-28T18:27:16.652575" elapsed="0.058312"/>
</kw>
<kw name="Sleep" owner="BuiltIn">
<msg time="2025-06-28T18:27:19.712067" level="INFO">Slept 3 seconds.</msg>
<arg>${DELAY3}</arg>
<doc>Pauses the test executed for the given time.</doc>
<status status="PASS" start="2025-06-28T18:27:16.711190" elapsed="3.001063"/>
</kw>
<kw name="Input Text" owner="SeleniumLibrary">
<msg time="2025-06-28T18:27:19.712993" level="INFO">Typing text 'Opción 1' into text field 'xpath=//*[@id="opciones-lista"]/div[1]/input'.</msg>
<arg>xpath=//*[@id="opciones-lista"]/div[1]/input</arg>
<arg>Opción 1</arg>
<doc>Types the given ``text`` into the text field identified by ``locator``.</doc>
<status status="PASS" start="2025-06-28T18:27:19.712565" elapsed="0.121942"/>
</kw>
<kw name="Sleep" owner="BuiltIn">
<msg time="2025-06-28T18:27:22.835703" level="INFO">Slept 3 seconds.</msg>
<arg>${DELAY3}</arg>
<doc>Pauses the test executed for the given time.</doc>
<status status="PASS" start="2025-06-28T18:27:19.834777" elapsed="3.001184"/>
</kw>
<kw name="Input Text" owner="SeleniumLibrary">
<msg time="2025-06-28T18:27:22.836678" level="INFO">Typing text 'Opción 2' into text field 'xpath=//*[@id="opciones-lista"]/div[2]/input'.</msg>
<arg>xpath=//*[@id="opciones-lista"]/div[2]/input</arg>
<arg>Opción 2</arg>
<doc>Types the given ``text`` into the text field identified by ``locator``.</doc>
<status status="PASS" start="2025-06-28T18:27:22.836298" elapsed="0.106232"/>
</kw>
<kw name="Sleep" owner="BuiltIn">
<msg time="2025-06-28T18:27:25.943210" level="INFO">Slept 3 seconds.</msg>
<arg>${DELAY3}</arg>
<doc>Pauses the test executed for the given time.</doc>
<status status="PASS" start="2025-06-28T18:27:22.942798" elapsed="3.000658"/>
</kw>
<kw name="Click Button" owner="SeleniumLibrary">
<msg time="2025-06-28T18:27:25.944156" level="INFO">Clicking button 'xpath=//*[@id="btnAgregarOpcion"]'.</msg>
<arg>xpath=//*[@id="btnAgregarOpcion"]</arg>
<doc>Clicks the button identified by ``locator``.</doc>
<status status="PASS" start="2025-06-28T18:27:25.943789" elapsed="0.099756"/>
</kw>
<kw name="Sleep" owner="BuiltIn">
<msg time="2025-06-28T18:27:29.044506" level="INFO">Slept 3 seconds.</msg>
<arg>${DELAY3}</arg>
<doc>Pauses the test executed for the given time.</doc>
<status status="PASS" start="2025-06-28T18:27:26.043808" elapsed="3.000951"/>
</kw>
<kw name="Input Text" owner="SeleniumLibrary">
<msg time="2025-06-28T18:27:29.045839" level="INFO">Typing text 'Opción 3' into text field 'xpath=//*[@id="opciones-lista"]/div[3]/input'.</msg>
<arg>xpath=//*[@id="opciones-lista"]/div[3]/input</arg>
<arg>Opción 3</arg>
<doc>Types the given ``text`` into the text field identified by ``locator``.</doc>
<status status="PASS" start="2025-06-28T18:27:29.045252" elapsed="0.135156"/>
</kw>
<kw name="Sleep" owner="BuiltIn">
<msg time="2025-06-28T18:27:32.181520" level="INFO">Slept 3 seconds.</msg>
<arg>${DELAY3}</arg>
<doc>Pauses the test executed for the given time.</doc>
<status status="PASS" start="2025-06-28T18:27:29.180767" elapsed="3.000997"/>
</kw>
<kw name="Click Element" owner="SeleniumLibrary">
<msg time="2025-06-28T18:27:32.182470" level="INFO">Clicking element 'xpath=//*[@id="opciones-lista"]/div[1]/div/input'.</msg>
<arg>xpath=//*[@id="opciones-lista"]/div[1]/div/input</arg>
<doc>Click the element identified by ``locator``.</doc>
<status status="PASS" start="2025-06-28T18:27:32.182094" elapsed="0.084578"/>
</kw>
<kw name="Sleep" owner="BuiltIn">
<msg time="2025-06-28T18:27:35.267722" level="INFO">Slept 3 seconds.</msg>
<arg>${DELAY3}</arg>
<doc>Pauses the test executed for the given time.</doc>
<status status="PASS" start="2025-06-28T18:27:32.266962" elapsed="3.001311"/>
</kw>
<kw name="Element Attribute Value Should Be" owner="SeleniumLibrary">
<msg time="2025-06-28T18:27:35.288107" level="INFO">Element 'xpath=//*[@id="opciones-lista"]/div[1]/div/input' attribute 'checked' contains value 'true'.</msg>
<arg>xpath=//*[@id="opciones-lista"]/div[1]/div/input</arg>
<arg>checked</arg>
<arg>true</arg>
<doc>Verifies element identified by ``locator`` contains expected attribute value.</doc>
<status status="PASS" start="2025-06-28T18:27:35.268611" elapsed="0.019664"/>
</kw>
<kw name="Sleep" owner="BuiltIn">
<msg time="2025-06-28T18:27:38.289132" level="INFO">Slept 3 seconds.</msg>
<arg>${DELAY3}</arg>
<doc>Pauses the test executed for the given time.</doc>
<status status="PASS" start="2025-06-28T18:27:35.288568" elapsed="3.000808"/>
</kw>
<kw name="Click Button" owner="SeleniumLibrary">
<msg time="2025-06-28T18:27:38.290336" level="INFO">Clicking button 'xpath=//*[@id="formNuevaPregunta"]/div[2]/button[2]'.</msg>
<arg>xpath=//*[@id="formNuevaPregunta"]/div[2]/button[2]</arg>
<doc>Clicks the button identified by ``locator``.</doc>
<status status="PASS" start="2025-06-28T18:27:38.289828" elapsed="0.102112"/>
</kw>
<kw name="Sleep" owner="BuiltIn">
<msg time="2025-06-28T18:27:41.392926" level="INFO">Slept 3 seconds.</msg>
<arg>${DELAY3}</arg>
<doc>Pauses the test executed for the given time.</doc>
<status status="PASS" start="2025-06-28T18:27:38.392184" elapsed="3.000943"/>
</kw>
<kw name="Click Button" owner="SeleniumLibrary">
<msg time="2025-06-28T18:27:41.393820" level="INFO">Clicking button 'xpath=/html/body/div[6]/div/div[6]/button[1]'.</msg>
<arg>xpath=/html/body/div[6]/div/div[6]/button[1]</arg>
<doc>Clicks the button identified by ``locator``.</doc>
<status status="PASS" start="2025-06-28T18:27:41.393470" elapsed="0.234678"/>
</kw>
<kw name="Sleep" owner="BuiltIn">
<msg time="2025-06-28T18:27:44.629279" level="INFO">Slept 3 seconds.</msg>
<arg>${DELAY3}</arg>
<doc>Pauses the test executed for the given time.</doc>
<status status="PASS" start="2025-06-28T18:27:41.628463" elapsed="3.001020"/>
</kw>
<doc>Asigna preguntas al test vocacional</doc>
<status status="PASS" start="2025-06-28T18:27:07.418715" elapsed="37.211020"/>
</kw>
<kw name="Ir a la pagina de test vocacional" owner="testVocacional_keywords">
<kw name="Click Link" owner="SeleniumLibrary">
<msg time="2025-06-28T18:27:44.631264" level="INFO">Clicking link 'xpath=/html/body/div[2]/div/div/ul/li[3]/a'.</msg>
<arg>xpath=/html/body/div[2]/div/div/ul/li[3]/a</arg>
<doc>Clicks a link identified by ``locator``.</doc>
<status status="PASS" start="2025-06-28T18:27:44.630887" elapsed="0.231665"/>
</kw>
<kw name="Sleep" owner="BuiltIn">
<msg time="2025-06-28T18:27:47.863818" level="INFO">Slept 3 seconds.</msg>
<arg>${DELAY3}</arg>
<doc>Pauses the test executed for the given time.</doc>
<status status="PASS" start="2025-06-28T18:27:44.863046" elapsed="3.001007"/>
</kw>
<doc>Navega a la página del test vocacional</doc>
<status status="PASS" start="2025-06-28T18:27:44.630299" elapsed="3.233951"/>
</kw>
<kw name="Editar test vocacional" owner="testVocacional_keywords">
<kw name="Click Button" owner="SeleniumLibrary">
<msg time="2025-06-28T18:27:47.865767" level="INFO">Clicking button 'xpath=/html/body/div[2]/div/main/div[2]/div/div/div[3]/button[1]'.</msg>
<arg>xpath=/html/body/div[2]/div/main/div[2]/div/div/div[3]/button[1]</arg>
<doc>Clicks the button identified by ``locator``.</doc>
<status status="PASS" start="2025-06-28T18:27:47.865498" elapsed="0.111199"/>
</kw>
<kw name="Sleep" owner="BuiltIn">
<msg time="2025-06-28T18:27:50.978345" level="INFO">Slept 3 seconds.</msg>
<arg>${DELAY3}</arg>
<doc>Pauses the test executed for the given time.</doc>
<status status="PASS" start="2025-06-28T18:27:47.976931" elapsed="3.001708"/>
</kw>
<kw name="Input Text" owner="SeleniumLibrary">
<msg time="2025-06-28T18:27:50.979579" level="INFO">Typing text 'Test Vocacional Automatizado Editado' into text field 'xpath=//*[@id="edit_nombre"]'.</msg>
<arg>xpath=//*[@id="edit_nombre"]</arg>
<arg>Test Vocacional Automatizado Editado</arg>
<doc>Types the given ``text`` into the text field identified by ``locator``.</doc>
<status status="PASS" start="2025-06-28T18:27:50.979067" elapsed="0.187922"/>
</kw>
<kw name="Sleep" owner="BuiltIn">
<msg time="2025-06-28T18:27:54.168033" level="INFO">Slept 3 seconds.</msg>
<arg>${DELAY3}</arg>
<doc>Pauses the test executed for the given time.</doc>
<status status="PASS" start="2025-06-28T18:27:51.167354" elapsed="3.000919"/>
</kw>
<kw name="Click Button" owner="SeleniumLibrary">
<msg time="2025-06-28T18:27:54.169186" level="INFO">Clicking button 'xpath=//*[@id="formEditarTest"]/div[2]/button[2]'.</msg>
<arg>xpath=//*[@id="formEditarTest"]/div[2]/button[2]</arg>
<doc>Clicks the button identified by ``locator``.</doc>
<status status="PASS" start="2025-06-28T18:27:54.168670" elapsed="0.142737"/>
</kw>
<kw name="Sleep" owner="BuiltIn">
<msg time="2025-06-28T18:27:57.312793" level="INFO">Slept 3 seconds.</msg>
<arg>${DELAY3}</arg>
<doc>Pauses the test executed for the given time.</doc>
<status status="PASS" start="2025-06-28T18:27:54.311795" elapsed="3.001243"/>
</kw>
<kw name="Click Button" owner="SeleniumLibrary">
<msg time="2025-06-28T18:27:57.313741" level="INFO">Clicking button 'xpath=/html/body/div[6]/div/div[6]/button[1]'.</msg>
<arg>xpath=/html/body/div[6]/div/div[6]/button[1]</arg>
<doc>Clicks the button identified by ``locator``.</doc>
<status status="PASS" start="2025-06-28T18:27:57.313367" elapsed="0.239001"/>
</kw>
<kw name="Sleep" owner="BuiltIn">
<msg time="2025-06-28T18:28:00.553576" level="INFO">Slept 3 seconds.</msg>
<arg>${DELAY3}</arg>
<doc>Pauses the test executed for the given time.</doc>
<status status="PASS" start="2025-06-28T18:27:57.552809" elapsed="3.001022"/>
</kw>
<doc>Edita el test vocacional creado recientemente</doc>
<status status="PASS" start="2025-06-28T18:27:47.864926" elapsed="12.689268"/>
</kw>
<kw name="Verificar que el test vocacional fue editado" owner="testVocacional_keywords">
<kw name="Wait Until Page Contains Element" owner="SeleniumLibrary">
<arg>xpath=//*[@id="testsTable_filter"]/label/input</arg>
<doc>Waits until the element ``locator`` appears on the current page.</doc>
<status status="PASS" start="2025-06-28T18:28:00.557188" elapsed="0.045011"/>
</kw>
<doc>Verifica que el test vocacional fue editado correctamente</doc>
<status status="PASS" start="2025-06-28T18:28:00.556199" elapsed="0.046288"/>
</kw>
<kw name="Buscar Test Vocacional Automatizado Editado" owner="testVocacional_keywords">
<kw name="Input Text" owner="SeleniumLibrary">
<msg time="2025-06-28T18:28:00.604875" level="INFO">Typing text 'Test Vocacional Automatizado Editado' into text field 'xpath=//*[@id="testsTable_filter"]/label/input'.</msg>
<arg>xpath=//*[@id="testsTable_filter"]/label/input</arg>
<arg>Test Vocacional Automatizado Editado</arg>
<doc>Types the given ``text`` into the text field identified by ``locator``.</doc>
<status status="PASS" start="2025-06-28T18:28:00.604282" elapsed="0.307830"/>
</kw>
<kw name="Sleep" owner="BuiltIn">
<msg time="2025-06-28T18:28:03.912910" level="INFO">Slept 3 seconds.</msg>
<arg>${DELAY3}</arg>
<doc>Pauses the test executed for the given time.</doc>
<status status="PASS" start="2025-06-28T18:28:00.912429" elapsed="3.000636"/>
</kw>
<doc>Busca el test vocacional editado</doc>
<status status="PASS" start="2025-06-28T18:28:00.603384" elapsed="3.309880"/>
</kw>
<kw name="Eliminar Test Vocacional Editado" owner="testVocacional_keywords">
<kw name="Click Button" owner="SeleniumLibrary">
<msg time="2025-06-28T18:28:03.914912" level="INFO">Clicking button 'xpath=/html/body/div[2]/div/main/div[2]/div/div/div[3]/button[3]'.</msg>
<arg>xpath=/html/body/div[2]/div/main/div[2]/div/div/div[3]/button[3]</arg>
<doc>Clicks the button identified by ``locator``.</doc>
<status status="PASS" start="2025-06-28T18:28:03.914597" elapsed="0.133126"/>
</kw>
<kw name="Sleep" owner="BuiltIn">
<msg time="2025-06-28T18:28:07.049401" level="INFO">Slept 3 seconds.</msg>
<arg>${DELAY3}</arg>
<doc>Pauses the test executed for the given time.</doc>
<status status="PASS" start="2025-06-28T18:28:04.048698" elapsed="3.000949"/>
</kw>
<kw name="Click Button" owner="SeleniumLibrary">
<msg time="2025-06-28T18:28:07.050348" level="INFO">Clicking button 'xpath=/html/body/div[5]/div/div[6]/button[1]'.</msg>
<arg>xpath=/html/body/div[5]/div/div[6]/button[1]</arg>
<doc>Clicks the button identified by ``locator``.</doc>
<status status="PASS" start="2025-06-28T18:28:07.049978" elapsed="0.099346"/>
</kw>
<kw name="Sleep" owner="BuiltIn">
<msg time="2025-06-28T18:28:10.150733" level="INFO">Slept 3 seconds.</msg>
<arg>${DELAY3}</arg>
<doc>Pauses the test executed for the given time.</doc>
<status status="PASS" start="2025-06-28T18:28:07.149678" elapsed="3.001222"/>
</kw>
<kw name="Click Button" owner="SeleniumLibrary">
<msg time="2025-06-28T18:28:10.151420" level="INFO">Clicking button 'xpath=/html/body/div[5]/div/div[6]/button[1]'.</msg>
<arg>xpath=/html/body/div[5]/div/div[6]/button[1]</arg>
<doc>Clicks the button identified by ``locator``.</doc>
<status status="PASS" start="2025-06-28T18:28:10.151146" elapsed="0.107575"/>
</kw>
<doc>Elimina el test vocacional editado</doc>
<status status="PASS" start="2025-06-28T18:28:03.913895" elapsed="6.345022"/>
</kw>
<kw name="Ir a asignar test vocacional" owner="testVocacional_keywords">
<kw name="Click Link" owner="SeleniumLibrary">
<msg time="2025-06-28T18:28:10.260423" level="INFO">Clicking link 'xpath=/html/body/div[2]/div/div/ul/li[5]/a'.</msg>
<arg>xpath=/html/body/div[2]/div/div/ul/li[5]/a</arg>
<doc>Clicks a link identified by ``locator``.</doc>
<status status="PASS" start="2025-06-28T18:28:10.260130" elapsed="0.355775"/>
</kw>
<kw name="Sleep" owner="BuiltIn">
<msg time="2025-06-28T18:28:13.617170" level="INFO">Slept 3 seconds.</msg>
<arg>${DELAY3}</arg>
<doc>Pauses the test executed for the given time.</doc>
<status status="PASS" start="2025-06-28T18:28:10.616225" elapsed="3.001195"/>
</kw>
<kw name="Wait Until Page Contains Element" owner="SeleniumLibrary">
<arg>xpath=/html/body/div[2]/div/main/div/div/div/div/h2</arg>
<doc>Waits until the element ``locator`` appears on the current page.</doc>
<status status="PASS" start="2025-06-28T18:28:13.617765" elapsed="0.015173"/>
</kw>
<doc>Navega a la página de asignar test vocacional</doc>
<status status="PASS" start="2025-06-28T18:28:10.259580" elapsed="3.373502"/>
</kw>
<kw name="Asignar test vocacional a usuario" owner="testVocacional_keywords">
<kw name="Select From List By Index" owner="SeleniumLibrary">
<msg time="2025-06-28T18:28:13.634516" level="INFO">Selecting options from selection list 'xpath=//*[@id="id_usuario"]' by index 1.</msg>
<arg>xpath=//*[@id="id_usuario"]</arg>
<arg>1</arg>
<doc>Selects options from selection list ``locator`` by ``indexes``.</doc>
<status status="PASS" start="2025-06-28T18:28:13.634149" elapsed="0.115522"/>
</kw>
<kw name="Sleep" owner="BuiltIn">
<msg time="2025-06-28T18:28:16.750395" level="INFO">Slept 3 seconds.</msg>
<arg>${DELAY3}</arg>
<doc>Pauses the test executed for the given time.</doc>
<status status="PASS" start="2025-06-28T18:28:13.749969" elapsed="3.000696"/>
</kw>
<kw name="Select From List By Index" owner="SeleniumLibrary">
<msg time="2025-06-28T18:28:16.751813" level="INFO">Selecting options from selection list 'xpath=//*[@id="id_test"]' by index 1.</msg>
<arg>xpath=//*[@id="id_test"]</arg>
<arg>1</arg>
<doc>Selects options from selection list ``locator`` by ``indexes``.</doc>
<status status="PASS" start="2025-06-28T18:28:16.751131" elapsed="0.096033"/>
</kw>
<kw name="Sleep" owner="BuiltIn">
<msg time="2025-06-28T18:28:19.848657" level="INFO">Slept 3 seconds.</msg>
<arg>${DELAY3}</arg>
<doc>Pauses the test executed for the given time.</doc>
<status status="PASS" start="2025-06-28T18:28:16.847419" elapsed="3.001539"/>
</kw>
<kw name="Click Button" owner="SeleniumLibrary">
<msg time="2025-06-28T18:28:19.849804" level="INFO">Clicking button 'xpath=/html/body/div[2]/div/main/div/div/div/div/form/div[3]/button'.</msg>
<arg>xpath=/html/body/div[2]/div/main/div/div/div/div/form/div[3]/button</arg>
<doc>Clicks the button identified by ``locator``.</doc>
<status status="PASS" start="2025-06-28T18:28:19.849394" elapsed="0.199555"/>
</kw>
<kw name="Sleep" owner="BuiltIn">
<msg time="2025-06-28T18:28:23.049690" level="INFO">Slept 3 seconds.</msg>
<arg>${DELAY3}</arg>
<doc>Pauses the test executed for the given time.</doc>
<status status="PASS" start="2025-06-28T18:28:20.049217" elapsed="3.000639"/>
</kw>
<doc>Asigna el test vocacional a un usuario</doc>
<status status="PASS" start="2025-06-28T18:28:13.633608" elapsed="9.416390"/>
</kw>
<kw name="Cerrar sesion" owner="testVocacional_keywords">
<kw name="Click Element" owner="SeleniumLibrary">
<msg time="2025-06-28T18:28:23.051330" level="INFO">Clicking element 'xpath=//*[@id="userDropdown"]'.</msg>
<arg>xpath=//*[@id="userDropdown"]</arg>
<doc>Click the element identified by ``locator``.</doc>
<status status="PASS" start="2025-06-28T18:28:23.051090" elapsed="0.097516"/>
</kw>
<kw name="Sleep" owner="BuiltIn">
<msg time="2025-06-28T18:28:26.149726" level="INFO">Slept 3 seconds.</msg>
<arg>${DELAY3}</arg>
<doc>Pauses the test executed for the given time.</doc>
<status status="PASS" start="2025-06-28T18:28:23.149112" elapsed="3.000861"/>
</kw>
<kw name="Click Link" owner="SeleniumLibrary">
<msg time="2025-06-28T18:28:26.150702" level="INFO">Clicking link 'xpath=/html/body/header/div[2]/ul/li[6]/a'.</msg>
<arg>xpath=/html/body/header/div[2]/ul/li[6]/a</arg>
<doc>Clicks a link identified by ``locator``.</doc>
<status status="PASS" start="2025-06-28T18:28:26.150304" elapsed="0.374489"/>
</kw>
<kw name="Sleep" owner="BuiltIn">
<msg time="2025-06-28T18:28:29.525643" level="INFO">Slept 3 seconds.</msg>
<arg>${DELAY3}</arg>
<doc>Pauses the test executed for the given time.</doc>
<status status="PASS" start="2025-06-28T18:28:26.525099" elapsed="3.000710"/>
</kw>
<doc>Cierra la sesión del administrador</doc>
<status status="PASS" start="2025-06-28T18:28:23.050687" elapsed="6.475260"/>
</kw>
<kw name="Ingresar Credenciales Usuario Normal" owner="testVocacional_keywords">
<kw name="Wait Until Page Contains Element" owner="SeleniumLibrary">
<arg>name=email</arg>
<doc>Waits until the element ``locator`` appears on the current page.</doc>
<status status="PASS" start="2025-06-28T18:28:29.526903" elapsed="0.014646"/>
</kw>
<kw name="Input Text" owner="SeleniumLibrary">
<msg time="2025-06-28T18:28:29.542056" level="INFO">Typing text 'ale1@example.com' into text field 'name=email'.</msg>
<arg>name=email</arg>
<arg>ale1@example.com</arg>
<doc>Types the given ``text`` into the text field identified by ``locator``.</doc>
<status status="PASS" start="2025-06-28T18:28:29.541787" elapsed="0.115767"/>
</kw>
<kw name="Sleep" owner="BuiltIn">
<msg time="2025-06-28T18:28:32.658265" level="INFO">Slept 3 seconds.</msg>
<arg>${DELAY3}</arg>
<doc>Pauses the test executed for the given time.</doc>
<status status="PASS" start="2025-06-28T18:28:29.657791" elapsed="3.000713"/>
</kw>
<kw name="Input Text" owner="SeleniumLibrary">
<msg time="2025-06-28T18:28:32.659238" level="INFO">Typing text '123456789' into text field 'name=password'.</msg>
<arg>name=password</arg>
<arg>123456789</arg>
<doc>Types the given ``text`` into the text field identified by ``locator``.</doc>
<status status="PASS" start="2025-06-28T18:28:32.658788" elapsed="0.103117"/>
</kw>
<kw name="Sleep" owner="BuiltIn">
<msg time="2025-06-28T18:28:35.762865" level="INFO">Slept 3 seconds.</msg>
<arg>${DELAY3}</arg>
<doc>Pauses the test executed for the given time.</doc>
<status status="PASS" start="2025-06-28T18:28:32.762199" elapsed="3.000830"/>
</kw>
<kw name="Click Button" owner="SeleniumLibrary">
<msg time="2025-06-28T18:28:35.763789" level="INFO">Clicking button 'xpath=/html/body/div/form/button'.</msg>
<arg>xpath=/html/body/div/form/button</arg>
<doc>Clicks the button identified by ``locator``.</doc>
<status status="PASS" start="2025-06-28T18:28:35.763377" elapsed="0.340876"/>
</kw>
<kw name="Sleep" owner="BuiltIn">
<msg time="2025-06-28T18:28:39.105566" level="INFO">Slept 3 seconds.</msg>
<arg>${DELAY3}</arg>
<doc>Pauses the test executed for the given time.</doc>
<status status="PASS" start="2025-06-28T18:28:36.104827" elapsed="3.000931"/>
</kw>
<doc>Ingresa las credenciales de un usuario normal para verificar la asignación del test vocacional</doc>
<status status="PASS" start="2025-06-28T18:28:29.526486" elapsed="9.579460"/>
</kw>
<kw name="Verificar Login Exitoso Usuario Normal" owner="testVocacional_keywords">
<kw name="Wait Until Page Contains Element" owner="SeleniumLibrary">
<arg>xpath=/html/body/div[1]/div[1]/div[2]/div/div[1]/h5</arg>
<doc>Waits until the element ``locator`` appears on the current page.</doc>
<status status="PASS" start="2025-06-28T18:28:39.107091" elapsed="0.018982"/>
</kw>
<status status="PASS" start="2025-06-28T18:28:39.106513" elapsed="0.019728"/>
</kw>
<kw name="Verificar que el test vocacional fue asignado" owner="testVocacional_keywords">
<kw name="Click Link" owner="SeleniumLibrary">
<msg time="2025-06-28T18:28:39.128056" level="INFO">Clicking link 'xpath=//*[@id="navbarNav"]/ul/li[2]/a'.</msg>
<arg>xpath=//*[@id="navbarNav"]/ul/li[2]/a</arg>
<doc>Clicks a link identified by ``locator``.</doc>
<status status="PASS" start="2025-06-28T18:28:39.127537" elapsed="0.204403"/>
</kw>
<kw name="Sleep" owner="BuiltIn">
<msg time="2025-06-28T18:28:42.333154" level="INFO">Slept 3 seconds.</msg>
<arg>${DELAY3}</arg>
<doc>Pauses the test executed for the given time.</doc>
<status status="PASS" start="2025-06-28T18:28:39.332356" elapsed="3.001039"/>
</kw>
<kw name="Click Link" owner="SeleniumLibrary">
<msg time="2025-06-28T18:28:42.334189" level="INFO">Clicking link 'xpath=/html/body/div/div/div/div/div/div[3]/a'.</msg>
<arg>xpath=/html/body/div/div/div/div/div/div[3]/a</arg>
<doc>Clicks a link identified by ``locator``.</doc>
<status status="PASS" start="2025-06-28T18:28:42.333790" elapsed="0.192787"/>
</kw>
<kw name="Sleep" owner="BuiltIn">
<msg time="2025-06-28T18:28:45.527826" level="INFO">Slept 3 seconds.</msg>
<arg>${DELAY3}</arg>
<doc>Pauses the test executed for the given time.</doc>
<status status="PASS" start="2025-06-28T18:28:42.526873" elapsed="3.001109"/>
</kw>
<kw name="Wait Until Page Contains Element" owner="SeleniumLibrary">
<arg>xpath=/html/body/div/div/h2</arg>
<doc>Waits until the element ``locator`` appears on the current page.</doc>
<status status="PASS" start="2025-06-28T18:28:45.528225" elapsed="0.016030"/>
</kw>
<kw name="Click Button" owner="SeleniumLibrary">
<msg time="2025-06-28T18:28:45.544938" level="INFO">Clicking button 'xpath=//*[@id="formTest"]/div[2]/a'.</msg>
<msg time="2025-06-28T18:28:45.842527" level="INFO" html="true">&lt;/td&gt;&lt;/tr&gt;&lt;tr&gt;&lt;td colspan="3"&gt;&lt;a href="selenium-screenshot-19.png"&gt;&lt;img src="selenium-screenshot-19.png" width="800px"&gt;&lt;/a&gt;</msg>
<msg time="2025-06-28T18:28:45.842895" level="FAIL">Button with locator 'xpath=//*[@id="formTest"]/div[2]/a' not found.</msg>
<arg>xpath=//*[@id="formTest"]/div[2]/a</arg>
<doc>Clicks the button identified by ``locator``.</doc>
<status status="FAIL" start="2025-06-28T18:28:45.544591" elapsed="0.309269">Button with locator 'xpath=//*[@id="formTest"]/div[2]/a' not found.</status>
</kw>
<doc>Verifica que el test vocacional fue asignado correctamente en el usuario</doc>
<status status="FAIL" start="2025-06-28T18:28:39.126878" elapsed="6.727476">Button with locator 'xpath=//*[@id="formTest"]/div[2]/a' not found.</status>
</kw>
<kw name="Cerrar navegador" owner="testVocacional_keywords">
<status status="NOT RUN" start="2025-06-28T18:28:45.855474" elapsed="0.000136"/>
</kw>
<doc>Verifica la creación de un test vocacional exitoso</doc>
<status status="FAIL" start="2025-06-28T18:26:26.616488" elapsed="139.239872">Button with locator 'xpath=//*[@id="formTest"]/div[2]/a' not found.</status>
</test>
<doc>Test vocacional de Selenium automatizado con Robot Framework</doc>
<status status="FAIL" start="2025-06-28T18:26:26.072328" elapsed="139.786987"/>
</suite>
<statistics>
<total>
<stat pass="0" fail="1" skip="0">All Tests</stat>
</total>
<tag>
</tag>
<suite>
<stat name="testVocacional test" id="s1" pass="0" fail="1" skip="0">testVocacional test</stat>
</suite>
</statistics>
<errors>
</errors>
</robot>
